2026-02-07 07:20:41,710 | INFO | [BOOTLOADER] 📍 System Root Anchored at: F:\win10\Linux\alpha_project
2026-02-07 07:20:41,710 | INFO | [BOOTLOADER] 🛡️ Initiating Alpha Sovereign Bootstrap Sequence...
2026-02-07 07:20:41,858 | INFO | [BOOTLOADER] 📦 Loading Core Modules...
2026-02-07 07:20:42,368 | INFO | [BOOTLOADER] 🧠 Initializing Neural Core (StateStore)...
2026-02-07 07:20:42,369 | INFO | [BOOTLOADER] bridge Initializing Diplomatic Channels (Bridge)...
2026-02-07 07:20:42,369 | WARNING | [BOOTLOADER] ⚠️ Bridge operating in OFFLINE/SIMULATION mode.
2026-02-07 07:20:42,369 | INFO | [BOOTLOADER] 🖥️ Constructing Sovereign Cockpit (UI)...
2026-02-07 07:20:42,370 | INFO | [BOOTLOADER] 🚀 Sovereign Worker Pool Active | Capacity: 11 Threads
2026-02-07 07:20:42,374 | INFO | [BOOTLOADER] 🔧 Sovereign Worker Pool initialized successfully.
2026-02-07 07:20:42,376 | WARNING | [BOOTLOADER] ⚠️ Icon missing: home.svg. Using text fallback.
2026-02-07 07:20:42,377 | WARNING | [BOOTLOADER] ⚠️ Icon missing: brain.svg. Using text fallback.
2026-02-07 07:20:42,378 | WARNING | [BOOTLOADER] ⚠️ Icon missing: activity.svg. Using text fallback.
2026-02-07 07:20:42,379 | WARNING | [BOOTLOADER] ⚠️ Icon missing: vault.svg. Using text fallback.
2026-02-07 07:20:42,380 | WARNING | [BOOTLOADER] ⚠️ Icon missing: settings.svg. Using text fallback.
2026-02-07 07:20:42,433 | CRITICAL | [BOOTLOADER] ⚠️ SECTOR FAILURE: Dashboard Sector
name 'QGroupBox' is not defined
Traceback (most recent call last):
  File "F:\win10\Linux\alpha_project\ui\views\main_cockpit.py", line 132, in _safe_load_sector
    return factory_func()
  File "F:\win10\Linux\alpha_project\ui\views\main_cockpit.py", line 103, in <lambda>
    lambda: AlphaDashboardView(self.bridge, self.state_store),
  File "F:\win10\Linux\alpha_project\ui\views\tactical\dashboard_view.py", line 39, in __init__
    self._init_ui()
  File "F:\win10\Linux\alpha_project\ui\views\tactical\dashboard_view.py", line 70, in _init_ui
    self.health_frame = QGroupBox("📡 SYSTEM DATA PIPELINES")
NameError: name 'QGroupBox' is not defined

2026-02-07 07:20:42,457 | INFO | [BOOTLOADER] 📡 Global Data Pulse established across Cockpit.
2026-02-07 07:20:42,477 | INFO | [BOOTLOADER] 🎨 Sovereign Theme applied successfully.
2026-02-07 07:20:42,727 | INFO | [BOOTLOADER] 🚀 [SUCCESS] ALPHA SOVEREIGN IS ONLINE
2026-02-07 07:20:45,389 | INFO | [BOOTLOADER] 🧭 Navigation Switch: -> STRATEGIC
2026-02-07 07:20:45,389 | INFO | [BOOTLOADER] ⚓ Navigating to: strategic
2026-02-07 07:20:49,244 | INFO | [BOOTLOADER] 🚪 Saving session state and shutting down...
