2026-02-07 07:17:47,696 | INFO | [BOOTLOADER] 📍 System Root Anchored at: F:\win10\Linux\alpha_project
2026-02-07 07:17:47,697 | INFO | [BOOTLOADER] 🛡️ Initiating Alpha Sovereign Bootstrap Sequence...
2026-02-07 07:17:47,844 | INFO | [BOOTLOADER] 📦 Loading Core Modules...
2026-02-07 07:17:48,321 | INFO | [BOOTLOADER] 🧠 Initializing Neural Core (StateStore)...
2026-02-07 07:17:48,321 | INFO | [BOOTLOADER] bridge Initializing Diplomatic Channels (Bridge)...
2026-02-07 07:17:48,322 | WARNING | [BOOTLOADER] ⚠️ Bridge operating in OFFLINE/SIMULATION mode.
2026-02-07 07:17:48,322 | INFO | [BOOTLOADER] 🖥️ Constructing Sovereign Cockpit (UI)...
2026-02-07 07:17:48,322 | INFO | [BOOTLOADER] 🚀 Sovereign Worker Pool Active | Capacity: 11 Threads
2026-02-07 07:17:48,329 | INFO | [BOOTLOADER] 🔧 Sovereign Worker Pool initialized successfully.
2026-02-07 07:17:48,332 | WARNING | [BOOTLOADER] ⚠️ Icon missing: home.svg. Using text fallback.
2026-02-07 07:17:48,333 | WARNING | [BOOTLOADER] ⚠️ Icon missing: brain.svg. Using text fallback.
2026-02-07 07:17:48,334 | WARNING | [BOOTLOADER] ⚠️ Icon missing: activity.svg. Using text fallback.
2026-02-07 07:17:48,335 | WARNING | [BOOTLOADER] ⚠️ Icon missing: vault.svg. Using text fallback.
2026-02-07 07:17:48,335 | WARNING | [BOOTLOADER] ⚠️ Icon missing: settings.svg. Using text fallback.
2026-02-07 07:17:48,467 | CRITICAL | [BOOTLOADER] ⚠️ SECTOR FAILURE: Dashboard Sector
name 'QGroupBox' is not defined
Traceback (most recent call last):
  File "F:\win10\Linux\alpha_project\ui\views\main_cockpit.py", line 132, in _safe_load_sector
    return factory_func()
  File "F:\win10\Linux\alpha_project\ui\views\main_cockpit.py", line 103, in <lambda>
    lambda: AlphaDashboardView(self.bridge, self.state_store),
  File "F:\win10\Linux\alpha_project\ui\views\tactical\dashboard_view.py", line 39, in __init__
    self._init_ui()
  File "F:\win10\Linux\alpha_project\ui\views\tactical\dashboard_view.py", line 70, in _init_ui
    self.health_frame = QGroupBox("📡 SYSTEM DATA PIPELINES")
NameError: name 'QGroupBox' is not defined

2026-02-07 07:17:48,490 | INFO | [BOOTLOADER] 📡 Global Data Pulse established across Cockpit.
2026-02-07 07:17:48,513 | INFO | [BOOTLOADER] 🎨 Sovereign Theme applied successfully.
2026-02-07 07:17:49,849 | INFO | [BOOTLOADER] 🚀 [SUCCESS] ALPHA SOVEREIGN IS ONLINE
2026-02-07 07:17:54,526 | INFO | [BOOTLOADER] ⚓ Navigating to: panic
2026-02-07 07:17:58,613 | INFO | [BOOTLOADER] 🧭 Navigation Switch: -> STRATEGIC
2026-02-07 07:17:58,614 | INFO | [BOOTLOADER] ⚓ Navigating to: strategic
2026-02-07 07:18:02,325 | INFO | [BOOTLOADER] ⚓ Navigating to: panic
2026-02-07 07:18:06,437 | INFO | [BOOTLOADER] 🧭 Navigation Switch: -> STRATEGIC
2026-02-07 07:18:06,438 | INFO | [BOOTLOADER] ⚓ Navigating to: strategic
2026-02-07 07:18:06,613 | INFO | [BOOTLOADER] 🧭 Navigation Switch: -> STRATEGIC
2026-02-07 07:18:06,613 | INFO | [BOOTLOADER] ⚓ Navigating to: strategic
2026-02-07 07:18:13,357 | INFO | [BOOTLOADER] ⚓ Navigating to: panic
2026-02-07 07:18:17,653 | CRITICAL | [BOOTLOADER] 🔥 KILL SWITCH ACTIVATED! Dispatching emergency exit orders.
2026-02-07 07:18:18,309 | ERROR | [BOOTLOADER] ⚠️ Checkpoint failed: [Errno 2] No such file or directory: 'F:\\win10\\Linux\\data/state/shadow_state.json'
2026-02-07 07:18:18,933 | INFO | [BOOTLOADER] 🚪 Saving session state and shutting down...
