2026-02-07 06:18:12,130 | INFO | [BOOTLOADER] 📍 System Root Anchored at: F:\win10\Linux\alpha_project
2026-02-07 06:18:12,131 | INFO | [BOOTLOADER] 🛡️ Initiating Alpha Sovereign Bootstrap Sequence...
2026-02-07 06:18:13,703 | INFO | [BOOTLOADER] 📦 Loading Core Modules...
2026-02-07 06:18:21,713 | INFO | [BOOTLOADER] 🧠 Initializing Neural Core (StateStore)...
2026-02-07 06:18:21,714 | INFO | [BOOTLOADER] bridge Initializing Diplomatic Channels (Bridge)...
2026-02-07 06:18:21,714 | WARNING | [BOOTLOADER] ⚠️ Bridge operating in OFFLINE/SIMULATION mode.
2026-02-07 06:18:21,714 | INFO | [BOOTLOADER] 🖥️ Constructing Sovereign Cockpit (UI)...
2026-02-07 06:18:21,721 | INFO | [BOOTLOADER] 🚀 Sovereign Worker Pool Active | Capacity: 11 Threads
2026-02-07 06:18:21,722 | INFO | [BOOTLOADER] 🔧 Sovereign Worker Pool initialized successfully.
2026-02-07 06:18:21,834 | WARNING | [BOOTLOADER] ⚠️ Missing Icon Asset: F:\win10\Linux\alpha_project\ui\assets\icons\ui_elements\home.svg
2026-02-07 06:18:21,900 | WARNING | [BOOTLOADER] ⚠️ Missing Icon Asset: F:\win10\Linux\alpha_project\ui\assets\icons\ui_elements\vault.svg
2026-02-07 06:18:21,901 | WARNING | [BOOTLOADER] ⚠️ Missing Icon Asset: F:\win10\Linux\alpha_project\ui\assets\icons\ui_elements\activity.svg
2026-02-07 06:18:21,902 | WARNING | [BOOTLOADER] ⚠️ Missing Icon Asset: F:\win10\Linux\alpha_project\ui\assets\icons\ui_elements\settings.svg
2026-02-07 06:18:21,902 | WARNING | [BOOTLOADER] ⚠️ Missing Icon Asset: F:\win10\Linux\alpha_project\ui\assets\icons\ui_elements\alert-triangle.svg
2026-02-07 06:18:21,927 | ERROR | [BOOTLOADER] ❌ Failed to load component AlphaChatView: cannot import name 'WorkerPoolManager' from 'ui.core.integrations.workers' (F:\win10\Linux\alpha_project\ui\core\integrations\workers.py)
2026-02-07 06:18:24,291 | CRITICAL | [BOOTLOADER] ⚠️ SECTOR FAILURE: Dashboard Sector
name 'QGroupBox' is not defined
Traceback (most recent call last):
  File "F:\win10\Linux\alpha_project\ui\views\main_cockpit.py", line 132, in _safe_load_sector
    return factory_func()
  File "F:\win10\Linux\alpha_project\ui\views\main_cockpit.py", line 103, in <lambda>
    lambda: AlphaDashboardView(self.bridge, self.state_store),
  File "F:\win10\Linux\alpha_project\ui\views\tactical\dashboard_view.py", line 39, in __init__
    self._init_ui()
  File "F:\win10\Linux\alpha_project\ui\views\tactical\dashboard_view.py", line 70, in _init_ui
    self.health_frame = QGroupBox("📡 SYSTEM DATA PIPELINES")
NameError: name 'QGroupBox' is not defined

2026-02-07 06:18:24,320 | INFO | [BOOTLOADER] 📡 Global Data Pulse established across Cockpit.
2026-02-07 06:18:24,352 | INFO | [BOOTLOADER] 🎨 Sovereign Theme applied successfully.
2026-02-07 06:18:24,913 | INFO | [BOOTLOADER] 🚀 [SUCCESS] ALPHA SOVEREIGN IS ONLINE
2026-02-07 06:18:32,469 | INFO | [BOOTLOADER] 🧭 Navigation Requested: COCKPIT
2026-02-07 06:18:32,470 | INFO | [BOOTLOADER] ⚓ Navigating to: cockpit
2026-02-07 06:18:33,269 | INFO | [BOOTLOADER] 🧭 Navigation Requested: VAULT
2026-02-07 06:18:33,271 | INFO | [BOOTLOADER] ⚓ Navigating to: vault
2026-02-07 06:18:34,989 | INFO | [BOOTLOADER] 🧭 Navigation Requested: TACTICAL
2026-02-07 06:18:34,989 | INFO | [BOOTLOADER] ⚓ Navigating to: tactical
2026-02-07 06:18:35,564 | INFO | [BOOTLOADER] 🧭 Navigation Requested: SETTINGS
2026-02-07 06:18:35,564 | INFO | [BOOTLOADER] ⚓ Navigating to: settings
2026-02-07 06:18:36,566 | INFO | [BOOTLOADER] 🧭 Navigation Requested: PANIC
2026-02-07 06:18:36,567 | INFO | [BOOTLOADER] ⚓ Navigating to: panic
2026-02-07 06:18:43,117 | CRITICAL | [BOOTLOADER] 🔥 KILL SWITCH ACTIVATED! Dispatching emergency exit orders.
2026-02-07 06:18:51,717 | ERROR | [BOOTLOADER] ⚠️ Checkpoint failed: [Errno 2] No such file or directory: 'F:\\win10\\Linux\\data/state/shadow_state.json'
2026-02-07 06:19:21,716 | ERROR | [BOOTLOADER] ⚠️ Checkpoint failed: [Errno 2] No such file or directory: 'F:\\win10\\Linux\\data/state/shadow_state.json'
2026-02-07 06:19:24,837 | INFO | [BOOTLOADER] 🧭 Navigation Requested: COCKPIT
2026-02-07 06:19:24,838 | INFO | [BOOTLOADER] ⚓ Navigating to: cockpit
2026-02-07 06:19:25,180 | INFO | [BOOTLOADER] 🧭 Navigation Requested: VAULT
2026-02-07 06:19:25,181 | INFO | [BOOTLOADER] ⚓ Navigating to: vault
2026-02-07 06:19:25,596 | INFO | [BOOTLOADER] 🧭 Navigation Requested: TACTICAL
2026-02-07 06:19:25,597 | INFO | [BOOTLOADER] ⚓ Navigating to: tactical
2026-02-07 06:19:27,157 | INFO | [BOOTLOADER] 🚪 Saving session state and shutting down...
