2026-02-07 06:23:24,976 | INFO | [BOOTLOADER] 📍 System Root Anchored at: F:\win10\Linux\alpha_project
2026-02-07 06:23:24,977 | INFO | [BOOTLOADER] 🛡️ Initiating Alpha Sovereign Bootstrap Sequence...
2026-02-07 06:23:25,140 | INFO | [BOOTLOADER] 📦 Loading Core Modules...
2026-02-07 06:23:25,677 | INFO | [BOOTLOADER] 🧠 Initializing Neural Core (StateStore)...
2026-02-07 06:23:25,678 | INFO | [BOOTLOADER] bridge Initializing Diplomatic Channels (Bridge)...
2026-02-07 06:23:25,678 | WARNING | [BOOTLOADER] ⚠️ Bridge operating in OFFLINE/SIMULATION mode.
2026-02-07 06:23:25,678 | INFO | [BOOTLOADER] 🖥️ Constructing Sovereign Cockpit (UI)...
2026-02-07 06:23:25,679 | INFO | [BOOTLOADER] 🚀 Sovereign Worker Pool Active | Capacity: 11 Threads
2026-02-07 06:23:25,691 | INFO | [BOOTLOADER] 🔧 Sovereign Worker Pool initialized successfully.
2026-02-07 06:23:25,694 | WARNING | [BOOTLOADER] ⚠️ Missing Icon Asset: F:\win10\Linux\alpha_project\ui\assets\icons\ui_elements\home.svg
2026-02-07 06:23:25,696 | WARNING | [BOOTLOADER] ⚠️ Missing Icon Asset: F:\win10\Linux\alpha_project\ui\assets\icons\ui_elements\vault.svg
2026-02-07 06:23:25,696 | WARNING | [BOOTLOADER] ⚠️ Missing Icon Asset: F:\win10\Linux\alpha_project\ui\assets\icons\ui_elements\activity.svg
2026-02-07 06:23:25,697 | WARNING | [BOOTLOADER] ⚠️ Missing Icon Asset: F:\win10\Linux\alpha_project\ui\assets\icons\ui_elements\settings.svg
2026-02-07 06:23:25,698 | WARNING | [BOOTLOADER] ⚠️ Missing Icon Asset: F:\win10\Linux\alpha_project\ui\assets\icons\ui_elements\alert-triangle.svg
2026-02-07 06:23:25,702 | ERROR | [BOOTLOADER] ❌ Failed to load component AlphaChatView: cannot import name 'WorkerPoolManager' from 'ui.core.integrations.workers' (F:\win10\Linux\alpha_project\ui\core\integrations\workers.py)
2026-02-07 06:23:25,754 | CRITICAL | [BOOTLOADER] ⚠️ SECTOR FAILURE: Dashboard Sector
name 'QGroupBox' is not defined
Traceback (most recent call last):
  File "F:\win10\Linux\alpha_project\ui\views\main_cockpit.py", line 132, in _safe_load_sector
    return factory_func()
  File "F:\win10\Linux\alpha_project\ui\views\main_cockpit.py", line 103, in <lambda>
    lambda: AlphaDashboardView(self.bridge, self.state_store),
  File "F:\win10\Linux\alpha_project\ui\views\tactical\dashboard_view.py", line 39, in __init__
    self._init_ui()
  File "F:\win10\Linux\alpha_project\ui\views\tactical\dashboard_view.py", line 70, in _init_ui
    self.health_frame = QGroupBox("📡 SYSTEM DATA PIPELINES")
NameError: name 'QGroupBox' is not defined

2026-02-07 06:23:25,779 | INFO | [BOOTLOADER] 📡 Global Data Pulse established across Cockpit.
2026-02-07 06:23:25,802 | INFO | [BOOTLOADER] 🎨 Sovereign Theme applied successfully.
2026-02-07 06:23:26,087 | INFO | [BOOTLOADER] 🚀 [SUCCESS] ALPHA SOVEREIGN IS ONLINE
2026-02-07 06:23:55,669 | ERROR | [BOOTLOADER] ⚠️ Checkpoint failed: [Errno 2] No such file or directory: 'F:\\win10\\Linux\\data/state/shadow_state.json'
2026-02-07 06:24:08,883 | CRITICAL | [BOOTLOADER] 🔥 KILL SWITCH ACTIVATED! Dispatching emergency exit orders.
2026-02-07 06:24:14,296 | INFO | [BOOTLOADER] 🧭 Navigation Requested: COCKPIT
2026-02-07 06:24:14,297 | INFO | [BOOTLOADER] ⚓ Navigating to: cockpit
2026-02-07 06:24:25,670 | ERROR | [BOOTLOADER] ⚠️ Checkpoint failed: [Errno 2] No such file or directory: 'F:\\win10\\Linux\\data/state/shadow_state.json'
2026-02-07 06:24:34,245 | INFO | [BOOTLOADER] 🚪 Saving session state and shutting down...
